<?xml version="1.0" encoding="UTF-8"?>
<!-- Generated by org.testng.reporters.JUnitReportReporter -->
<testsuite hostname="Radhika" failures="0" tests="1" name="Dropdown.MouseHouring" time="8.623" errors="0" timestamp="2024-11-27T12:02:33 IST" skipped="0">
  <testcase classname="Dropdown.MouseHouring" name="test" time="8.623"/>
  <system-out/>
</testsuite> <!-- Dropdown.MouseHouring -->
