<?xml version="1.0" encoding="UTF-8"?>
<!-- Generated by org.testng.reporters.JUnitReportReporter -->
<testsuite hostname="Radhika" failures="0" tests="1" name="rrunerScripts.fbRunner" time="18.316" errors="0" timestamp="2024-12-02T16:55:50 IST" skipped="0">
  <testcase classname="rrunerScripts.fbRunner" name="userData" time="18.316"/>
  <system-out/>
</testsuite> <!-- rrunerScripts.fbRunner -->
