<?xml version="1.0" encoding="UTF-8"?>
<!-- Generated by org.testng.reporters.JUnitReportReporter -->
<testsuite hostname="Radhika" failures="0" tests="2" name="TestNg.skipTestcase" time="0.013" errors="0" timestamp="2024-11-28T15:27:14 IST" skipped="1">
  <testcase classname="TestNg.skipTestcase" name="test1" time="0.013"/>
  <system-out>
    <![CDATA[Java]]>
  </system-out>
  <testcase classname="TestNg.skipTestcase" name="test">
    <skipped/>
  </testcase> <!-- test -->
  <system-out/>
</testsuite> <!-- TestNg.skipTestcase -->
