<?xml version="1.0" encoding="UTF-8"?>
<!-- Generated by org.testng.reporters.JUnitReportReporter -->
<testsuite hostname="Radhika" failures="0" tests="1" name="qsp.demo3" time="28.941" errors="0" timestamp="2024-11-27T12:02:33 IST" skipped="0">
  <testcase classname="qsp.demo3" name="test1" time="28.941"/>
  <system-out/>
</testsuite> <!-- qsp.demo3 -->
