<?xml version="1.0" encoding="UTF-8"?>
<!-- Generated by org.testng.reporters.JUnitReportReporter -->
<testsuite hostname="Radhika" failures="0" tests="3" name="selenium.test1$demo1" time="0.015" errors="0" timestamp="2024-11-28T11:30:51 IST" skipped="0">
  <testcase classname="selenium.test1$demo1" name="test1" time="0.001"/>
  <system-out>
    <![CDATA[Selenium]]>
  </system-out>
  <testcase classname="selenium.test1$demo1" name="test2" time="0.002"/>
  <system-out>
    <![CDATA[java]]>
  </system-out>
  <testcase classname="selenium.test1$demo1" name="hello3" time="0.012"/>
  <system-out>
    <![CDATA[sql]]>
  </system-out>
</testsuite> <!-- selenium.test1$demo1 -->
