<?xml version="1.0" encoding="UTF-8"?>
<!-- Generated by org.testng.reporters.JUnitReportReporter -->
<testsuite hostname="Radhika" failures="0" tests="1" name="synchronization.Implicitwait" time="9.093" errors="0" timestamp="2024-11-27T12:02:33 IST" skipped="0">
  <testcase classname="synchronization.Implicitwait" name="test" time="9.093"/>
  <system-out/>
</testsuite> <!-- synchronization.Implicitwait -->
