<?xml version="1.0" encoding="UTF-8"?>
<!-- Generated by org.testng.reporters.JUnitReportReporter -->
<testsuite hostname="Radhika" failures="0" tests="3" name="TestNg.runScript2" time="26.480" errors="0" timestamp="2024-11-29T12:40:42 IST" skipped="0">
  <testcase classname="TestNg.runScript2" name="run" time="11.524"/>
  <system-out/>
  <testcase classname="TestNg.runScript2" name="screenshot" time="6.622"/>
  <system-out/>
  <testcase classname="TestNg.runScript2" name="run2" time="8.334"/>
  <system-out/>
</testsuite> <!-- TestNg.runScript2 -->
