<?xml version="1.0" encoding="UTF-8"?>
<!-- Generated by org.testng.reporters.JUnitReportReporter -->
<testsuite hostname="Radhika" failures="0" tests="2" name="TestNg.ParametersinTestNg$Demo1" time="0.025" errors="0" timestamp="2024-11-28T14:48:37 IST" skipped="0">
  <testcase classname="TestNg.ParametersinTestNg$Demo1" name="test2" time="0.019"/>
  <system-out>
    <![CDATA[World]]>
  </system-out>
  <testcase classname="TestNg.ParametersinTestNg$Demo1" name="test1" time="0.006"/>
  <system-out>
    <![CDATA[hello]]>
  </system-out>
</testsuite> <!-- TestNg.ParametersinTestNg$Demo1 -->
