<?xml version="1.0" encoding="UTF-8"?>
<!-- Generated by org.testng.reporters.JUnitReportReporter -->
<testsuite hostname="Radhika" failures="0" tests="2" name="TestNg.runScript2$runnerScript" time="20.743" errors="0" timestamp="2024-11-29T12:29:28 IST" skipped="0">
  <testcase classname="TestNg.runScript2$runnerScript" name="run" time="12.078"/>
  <system-out/>
  <testcase classname="TestNg.runScript2$runnerScript" name="run2" time="8.665"/>
  <system-out/>
</testsuite> <!-- TestNg.runScript2$runnerScript -->
