<?xml version="1.0" encoding="UTF-8"?>
<!-- Generated by org.testng.reporters.JUnitReportReporter -->
<testsuite hostname="Radhika" failures="0" tests="1" name="qsp.Demo2" time="5.355" errors="0" timestamp="2024-11-27T12:02:33 IST" skipped="0">
  <testcase classname="qsp.Demo2" name="test1" time="5.355"/>
  <system-out/>
</testsuite> <!-- qsp.Demo2 -->
