<?xml version="1.0" encoding="UTF-8"?>
<!-- Generated by org.testng.reporters.JUnitReportReporter -->
<testsuite hostname="Radhika" failures="0" tests="1" name="rrunerScripts.Demo1" time="7.778" errors="0" timestamp="2024-12-02T16:28:23 IST" skipped="0">
  <testcase classname="rrunerScripts.Demo1" name="validData" time="7.778"/>
  <system-out/>
</testsuite> <!-- rrunerScripts.Demo1 -->
