<?xml version="1.0" encoding="UTF-8"?>
<!-- Generated by org.testng.reporters.JUnitReportReporter -->
<testsuite hostname="Radhika" failures="0" tests="1" name="runerScripts.flipRun" time="13.672" errors="0" timestamp="2024-12-03T12:31:52 IST" skipped="0">
  <testcase classname="runerScripts.flipRun" name="userData" time="13.672"/>
  <system-out/>
</testsuite> <!-- runerScripts.flipRun -->
