<?xml version="1.0" encoding="UTF-8"?>
<!-- Generated by org.testng.reporters.JUnitReportReporter -->
<testsuite hostname="Radhika" failures="0" tests="4" name="TestNg.ExecuteSameTestcase" time="0.021" errors="0" timestamp="2024-11-28T15:11:44 IST" skipped="0">
  <testcase classname="TestNg.ExecuteSameTestcase" name="Test2" time="0.018"/>
  <system-out>
    <![CDATA[World]]>
  </system-out>
  <testcase classname="TestNg.ExecuteSameTestcase" name="sameTest" time="0.001"/>
  <system-out>
    <![CDATA[hello]]>
  </system-out>
  <testcase classname="TestNg.ExecuteSameTestcase" name="sameTest" time="0.001"/>
  <system-out>
    <![CDATA[hello]]>
  </system-out>
  <testcase classname="TestNg.ExecuteSameTestcase" name="sameTest" time="0.001"/>
  <system-out>
    <![CDATA[hello]]>
  </system-out>
</testsuite> <!-- TestNg.ExecuteSameTestcase -->
