<?xml version="1.0" encoding="UTF-8"?>
<!-- Generated by org.testng.reporters.JUnitReportReporter -->
<testsuite hostname="Radhika" failures="0" tests="1" name="runerScripts.fbRunner" time="16.766" errors="0" timestamp="2024-12-03T11:02:56 IST" skipped="0">
  <testcase classname="runerScripts.fbRunner" name="userData" time="16.766"/>
  <system-out/>
</testsuite> <!-- runerScripts.fbRunner -->
