<?xml version="1.0" encoding="UTF-8"?>
<!-- Generated by org.testng.reporters.JUnitReportReporter -->
<testsuite hostname="Radhika" failures="0" tests="1" name="TestNg.runnerScript" time="12.808" errors="0" timestamp="2024-11-29T12:08:13 IST" skipped="0">
  <testcase classname="TestNg.runnerScript" name="run" time="12.808"/>
  <system-out/>
</testsuite> <!-- TestNg.runnerScript -->
