<?xml version="1.0" encoding="UTF-8"?>
<!-- Generated by org.testng.reporters.JUnitReportReporter -->
<testsuite hostname="Radhika" failures="0" tests="2" name="qsp.demo1" time="0.008" errors="0" timestamp="2024-11-27T12:02:33 IST" skipped="0">
  <testcase classname="qsp.demo1" name="test1" time="0.005"/>
  <system-out>
    <![CDATA[hello]]>
  </system-out>
  <testcase classname="qsp.demo1" name="test2" time="0.003"/>
  <system-out>
    <![CDATA[world]]>
  </system-out>
</testsuite> <!-- qsp.demo1 -->
